<?xml version="1.0" encoding="UTF-8"?>
<testng-results skipped="0" failed="0" ignored="0" total="1" passed="1">
  <reporter-output>
  </reporter-output>
  <suite name="Default suite" duration-ms="15190" started-at="2019-01-28T13:28:29Z" finished-at="2019-01-28T13:28:44Z">
    <groups>
    </groups>
    <test name="Default test" duration-ms="15190" started-at="2019-01-28T13:28:29Z" finished-at="2019-01-28T13:28:44Z">
      <class name="OneFlowSystems.Vuejs.VueShopTest">
        <test-method status="PASS" signature="Vueshop()[pri:0, instance:OneFlowSystems.Vuejs.VueShopTest@902638]" name="Vueshop" duration-ms="15174" started-at="2019-01-28T13:28:29Z" finished-at="2019-01-28T13:28:44Z">
          <reporter-output>
          </reporter-output>
        </test-method> <!-- Vueshop -->
      </class> <!-- OneFlowSystems.Vuejs.VueShopTest -->
    </test> <!-- Default test -->
  </suite> <!-- Default suite -->
</testng-results>
